[0m[[0mdebug[0m] [0m[34mTest run started[0m[0m
[0m[[0mdebug[0m] [0mTest [33mIntegrationTest[0m.[36mtest[0m started[0m
[0m[[31merror[0m] [0mTest [33mIntegrationTest[0m.[31mtest[0m failed: java.lang.[31mRuntimeException[0m: java.lang.RuntimeException: Error reading annotations for models.Inventaire[0m
[0m[[31merror[0m] [0m    at play.api.test.TestServer.start(Selenium.scala:146)[0m
[0m[[31merror[0m] [0m    at play.test.Helpers.start(Helpers.java:401)[0m
[0m[[31merror[0m] [0m    at play.test.Helpers.running(Helpers.java:430)[0m
[0m[[31merror[0m] [0m    at IntegrationTest.test([35mIntegrationTest.java[0m:[33m20[0m)[0m
[0m[[31merror[0m] [0m    ...[0m
[0m[[31merror[0m] [0mCaused by: java.lang.RuntimeException: Error reading annotations for models.Inventaire[0m
[0m[[31merror[0m] [0m    at com.avaje.ebeaninternal.server.deploy.parse.ReadAnnotations.readAssociations(ReadAnnotations.java:54)[0m
[0m[[31merror[0m] [0m    at com.avaje.ebeaninternal.server.deploy.BeanDescriptorManager.readDeployAssociations(BeanDescriptorManager.java:1048)[0m
[0m[[31merror[0m] [0m    at com.avaje.ebeaninternal.server.deploy.BeanDescriptorManager.readEntityDeploymentAssociations(BeanDescriptorManager.java:547)[0m
[0m[[31merror[0m] [0m    at com.avaje.ebeaninternal.server.deploy.BeanDescriptorManager.deploy(BeanDescriptorManager.java:237)[0m
[0m[[31merror[0m] [0m    at com.avaje.ebeaninternal.server.core.InternalConfiguration.<init>(InternalConfiguration.java:114)[0m
[0m[[31merror[0m] [0m    at com.avaje.ebeaninternal.server.core.DefaultServerFactory.createServer(DefaultServerFactory.java:204)[0m
[0m[[31merror[0m] [0m    at com.avaje.ebeaninternal.server.core.DefaultServerFactory.createServer(DefaultServerFactory.java:65)[0m
[0m[[31merror[0m] [0m    at com.avaje.ebean.EbeanServerFactory.create(EbeanServerFactory.java:58)[0m
[0m[[31merror[0m] [0m    at play.db.ebean.EbeanPlugin.onStart(EbeanPlugin.java:79)[0m
[0m[[31merror[0m] [0m    at play.api.Play$$anonfun$start$1$$anonfun$apply$mcV$sp$1.apply(Play.scala:88)[0m
[0m[[31merror[0m] [0m    at play.api.Play$$anonfun$start$1$$anonfun$apply$mcV$sp$1.apply(Play.scala:88)[0m
[0m[[31merror[0m] [0m    at scala.collection.immutable.List.foreach(List.scala:318)[0m
[0m[[31merror[0m] [0m    at play.api.Play$$anonfun$start$1.apply$mcV$sp(Play.scala:88)[0m
[0m[[31merror[0m] [0m    at play.api.Play$$anonfun$start$1.apply(Play.scala:88)[0m
[0m[[31merror[0m] [0m    at play.api.Play$$anonfun$start$1.apply(Play.scala:88)[0m
[0m[[31merror[0m] [0m    at play.utils.Threads$.withContextClassLoader(Threads.scala:18)[0m
[0m[[31merror[0m] [0m    at play.api.Play$.start(Play.scala:87)[0m
[0m[[31merror[0m] [0m    at play.core.TestApplication.<init>(ApplicationProvider.scala:64)[0m
[0m[[31merror[0m] [0m    at play.api.test.TestServer.start(Selenium.scala:142)[0m
[0m[[31merror[0m] [0m    ... 38 more[0m
[0m[[31merror[0m] [0mCaused by: java.lang.RuntimeException: Error with association to [class [Lmodels.Objet;] from [models.Inventaire.objet]. Is class [Lmodels.Objet; registered?[0m
[0m[[31merror[0m] [0m    at com.avaje.ebeaninternal.server.deploy.parse.AnnotationAssocOnes.readManyToOne(AnnotationAssocOnes.java:165)[0m
[0m[[31merror[0m] [0m    at com.avaje.ebeaninternal.server.deploy.parse.AnnotationAssocOnes.readAssocOne(AnnotationAssocOnes.java:63)[0m
[0m[[31merror[0m] [0m    at com.avaje.ebeaninternal.server.deploy.parse.AnnotationAssocOnes.parse(AnnotationAssocOnes.java:54)[0m
[0m[[31merror[0m] [0m    at com.avaje.ebeaninternal.server.deploy.parse.ReadAnnotations.readAssociations(ReadAnnotations.java:45)[0m
[0m[[31merror[0m] [0m    ... 56 more[0m
[0m[[0mdebug[0m] [0mTest [33mIntegrationTest[0m.[36mtest[0m finished[0m
[0m[[0mdebug[0m] [0m[34mTest run finished: [0m[31m1 failed[0m[34m, [0m[34m0 ignored[0m[34m, 1 total, 7.153s[0m[0m
[0m[[0mdebug[0m] [0m[34mTest run started[0m[0m
[0m[[0mdebug[0m] [0mTest [33mApplicationTest[0m.[36mtestEtatObjet[0m started[0m
[0m[[0mdebug[0m] [0mTest [33mApplicationTest[0m.[36mtestEtatObjet[0m finished[0m
[0m[[0mdebug[0m] [0mTest [33mApplicationTest[0m.[36mDeplacerObjetInventaire[0m started[0m
[0m[[0mdebug[0m] [0mTest [33mApplicationTest[0m.[36mDeplacerObjetInventaire[0m finished[0m
[0m[[0mdebug[0m] [0mTest [33mApplicationTest[0m.[36mNomObjetInventaire2[0m started[0m
[0m[[0mdebug[0m] [0mTest [33mApplicationTest[0m.[36mNomObjetInventaire2[0m finished[0m
[0m[[0mdebug[0m] [0mTest [33mApplicationTest[0m.[36mprixObjet[0m started[0m
[0m[[0mdebug[0m] [0mTest [33mApplicationTest[0m.[36mprixObjet[0m finished[0m
[0m[[0mdebug[0m] [0mTest [33mApplicationTest[0m.[36msimpleCheck[0m started[0m
[0m[[0mdebug[0m] [0mTest [33mApplicationTest[0m.[36msimpleCheck[0m finished[0m
[0m[[0mdebug[0m] [0mTest [33mApplicationTest[0m.[36mSupprimerObjetInventaire[0m started[0m
[0m[[0mdebug[0m] [0mTest [33mApplicationTest[0m.[36mSupprimerObjetInventaire[0m finished[0m
[0m[[0mdebug[0m] [0mTest [33mApplicationTest[0m.[36mequipableObjet[0m started[0m
[0m[[0mdebug[0m] [0mTest [33mApplicationTest[0m.[36mequipableObjet[0m finished[0m
[0m[[0mdebug[0m] [0mTest [33mApplicationTest[0m.[36mpersonne[0m started[0m
[0m[[0mdebug[0m] [0mTest [33mApplicationTest[0m.[36mpersonne[0m finished[0m
[0m[[0mdebug[0m] [0mTest [33mApplicationTest[0m.[36mTailleInventaire[0m started[0m
[0m[[0mdebug[0m] [0mTest [33mApplicationTest[0m.[36mTailleInventaire[0m finished[0m
[0m[[0mdebug[0m] [0mTest [33mApplicationTest[0m.[36mtestActionObjet[0m started[0m
[0m[[0mdebug[0m] [0mTest [33mApplicationTest[0m.[36mtestActionObjet[0m finished[0m
[0m[[0mdebug[0m] [0mTest [33mApplicationTest[0m.[36mNomObjetInventaire[0m started[0m
[0m[[0mdebug[0m] [0mTest [33mApplicationTest[0m.[36mNomObjetInventaire[0m finished[0m
[0m[[0mdebug[0m] [0mTest [33mApplicationTest[0m.[36mrenderTemplate[0m started[0m
[0m[[0mdebug[0m] [0mTest [33mApplicationTest[0m.[36mrenderTemplate[0m finished[0m
[0m[[0mdebug[0m] [0mTest [33mApplicationTest[0m.[36mnomObjet[0m started[0m
[0m[[0mdebug[0m] [0mTest [33mApplicationTest[0m.[36mnomObjet[0m finished[0m
[0m[[0mdebug[0m] [0mTest [33mApplicationTest[0m.[36mtestPersistanceObjet[0m started[0m
[0m[[31merror[0m] [0mTest [33mApplicationTest[0m.[31mtestPersistanceObjet[0m failed: javax.persistence.[31mPersistenceException[0m: The default EbeanServer has not been defined? This is normally set via the ebean.datasource.default property. Otherwise it should be registered programatically via registerServer()[0m
[0m[[31merror[0m] [0m    at com.avaje.ebean.Ebean$ServerManager.getPrimaryServer(Ebean.java:178)[0m
[0m[[31merror[0m] [0m    at com.avaje.ebean.Ebean$ServerManager.access$300(Ebean.java:128)[0m
[0m[[31merror[0m] [0m    at com.avaje.ebean.Ebean.save(Ebean.java:453)[0m
[0m[[31merror[0m] [0m    at play.db.ebean.Model.save(Model.java:91)[0m
[0m[[31merror[0m] [0m    at ApplicationTest.testPersistanceObjet([35mApplicationTest.java[0m:[33m176[0m)[0m
[0m[[31merror[0m] [0m    ...[0m
[0m[[0mdebug[0m] [0mTest [33mApplicationTest[0m.[36mtestPersistanceObjet[0m finished[0m
[0m[[0mdebug[0m] [0mTest [33mApplicationTest[0m.[36mtestPotion[0m started[0m
[0m[[0mdebug[0m] [0mTest [33mApplicationTest[0m.[36mtestPotion[0m finished[0m
[0m[[0mdebug[0m] [0mTest [33mApplicationTest[0m.[36mAjouterObjetInventaire[0m started[0m
[0m[[0mdebug[0m] [0mTest [33mApplicationTest[0m.[36mAjouterObjetInventaire[0m finished[0m
[0m[[0mdebug[0m] [0m[34mTest run finished: [0m[31m1 failed[0m[34m, [0m[34m0 ignored[0m[34m, 16 total, 0.225s[0m[0m
[0m[[0mdebug[0m] [0mFramework implementation 'org.specs2.runner.Specs2Framework' not present.[0m
[0m[[0mdebug[0m] [0mSummary for JUnit not available.[0m
[0m[[0mdebug[0m] [0mSummary for specs2 not available.[0m
[0m[[31merror[0m] [0mFailed: Total 17, Failed 2, Errors 0, Passed 15[0m
[0m[[31merror[0m] [0mFailed tests:[0m
[0m[[31merror[0m] [0m	ApplicationTest[0m
[0m[[31merror[0m] [0m	IntegrationTest[0m
[0m[[31merror[0m] [0m(test:[31mtest[0m) sbt.TestsFailedException: Tests unsuccessful[0m
